<?xml version="1.0" encoding="UTF-8"?>
<testsuite name="controller.UmlDiagramTest" tests="1" skipped="0" failures="1" errors="0" timestamp="2021-03-25T03:12:05" hostname="OPTIMUS-PC" time="0.4">
  <properties/>
  <testcase name="testSaveDiagramClass" classname="controller.UmlDiagramTest" time="0.4">
    <failure message="junit.framework.AssertionFailedError: expected:&lt;&quot;[{\u0027className\u0027: \u0027test1\u0027,\n  \u0027attributes\u0027: [{\n      \u0027name\u0027: \u0027name\u0027,\n      \u0027type\u0027: \u0027String\u0027},{\n      \u0027name\u0027: \u0027type\u0027,\n      \u0027type\u0027: \u0027String\u0027}],\n  \u0027operations\u0027: []}, {\n  \u0027className\u0027: \u0027test2\u0027,\n  \u0027attributes\u0027: [{\n      \u0027name\u0027: \u0027name\u0027,\n      \u0027type\u0027: \u0027String\u0027},{\n      \u0027name\u0027: \u0027type\u0027,\n      \u0027type\u0027: \u0027String\u0027}],\n  \u0027operations\u0027: []}]\n&quot;&gt; but was:&lt;[{&#10;  &quot;className&quot;: &quot;test1&quot;,&#10;  &quot;attributes&quot;: [&#10;    {&#10;      &quot;name&quot;: &quot;name&quot;,&#10;      &quot;type&quot;: &quot;String&quot;&#10;    },&#10;    {&#10;      &quot;name&quot;: &quot;type&quot;,&#10;      &quot;type&quot;: &quot;String&quot;&#10;    }&#10;  ],&#10;  &quot;operations&quot;: []&#10;}, {&#10;  &quot;className&quot;: &quot;test2&quot;,&#10;  &quot;attributes&quot;: [&#10;    {&#10;      &quot;name&quot;: &quot;name&quot;,&#10;      &quot;type&quot;: &quot;String&quot;&#10;    },&#10;    {&#10;      &quot;name&quot;: &quot;type&quot;,&#10;      &quot;type&quot;: &quot;String&quot;&#10;    }&#10;  ],&#10;  &quot;operations&quot;: []&#10;}]&gt;" type="junit.framework.AssertionFailedError">junit.framework.AssertionFailedError: expected:&lt;&quot;[{\u0027className\u0027: \u0027test1\u0027,\n  \u0027attributes\u0027: [{\n      \u0027name\u0027: \u0027name\u0027,\n      \u0027type\u0027: \u0027String\u0027},{\n      \u0027name\u0027: \u0027type\u0027,\n      \u0027type\u0027: \u0027String\u0027}],\n  \u0027operations\u0027: []}, {\n  \u0027className\u0027: \u0027test2\u0027,\n  \u0027attributes\u0027: [{\n      \u0027name\u0027: \u0027name\u0027,\n      \u0027type\u0027: \u0027String\u0027},{\n      \u0027name\u0027: \u0027type\u0027,\n      \u0027type\u0027: \u0027String\u0027}],\n  \u0027operations\u0027: []}]\n&quot;&gt; but was:&lt;[{
  &quot;className&quot;: &quot;test1&quot;,
  &quot;attributes&quot;: [
    {
      &quot;name&quot;: &quot;name&quot;,
      &quot;type&quot;: &quot;String&quot;
    },
    {
      &quot;name&quot;: &quot;type&quot;,
      &quot;type&quot;: &quot;String&quot;
    }
  ],
  &quot;operations&quot;: []
}, {
  &quot;className&quot;: &quot;test2&quot;,
  &quot;attributes&quot;: [
    {
      &quot;name&quot;: &quot;name&quot;,
      &quot;type&quot;: &quot;String&quot;
    },
    {
      &quot;name&quot;: &quot;type&quot;,
      &quot;type&quot;: &quot;String&quot;
    }
  ],
  &quot;operations&quot;: []
}]&gt;
	at junit.framework.Assert.fail(Assert.java:57)
	at junit.framework.Assert.failNotEquals(Assert.java:329)
	at junit.framework.Assert.assertEquals(Assert.java:78)
	at junit.framework.Assert.assertEquals(Assert.java:86)
	at junit.framework.TestCase.assertEquals(TestCase.java:246)
	at controller.UmlDiagramTest.testSaveDiagramClass(UmlDiagramTest.java:38)
	at java.base/jdk.internal.reflect.NativeMethodAccessorImpl.invoke0(Native Method)
	at java.base/jdk.internal.reflect.NativeMethodAccessorImpl.invoke(NativeMethodAccessorImpl.java:64)
	at java.base/jdk.internal.reflect.DelegatingMethodAccessorImpl.invoke(DelegatingMethodAccessorImpl.java:43)
	at java.base/java.lang.reflect.Method.invoke(Method.java:564)
	at junit.framework.TestCase.runTest(TestCase.java:177)
	at junit.framework.TestCase.runBare(TestCase.java:142)
	at junit.framework.TestResult$1.protect(TestResult.java:122)
	at junit.framework.TestResult.runProtected(TestResult.java:142)
	at junit.framework.TestResult.run(TestResult.java:125)
	at junit.framework.TestCase.run(TestCase.java:130)
	at junit.framework.TestSuite.runTest(TestSuite.java:241)
	at junit.framework.TestSuite.run(TestSuite.java:236)
	at org.junit.internal.runners.JUnit38ClassRunner.run(JUnit38ClassRunner.java:90)
	at org.gradle.api.internal.tasks.testing.junit.JUnitTestClassExecutor.runTestClass(JUnitTestClassExecutor.java:110)
	at org.gradle.api.internal.tasks.testing.junit.JUnitTestClassExecutor.execute(JUnitTestClassExecutor.java:58)
	at org.gradle.api.internal.tasks.testing.junit.JUnitTestClassExecutor.execute(JUnitTestClassExecutor.java:38)
	at org.gradle.api.internal.tasks.testing.junit.AbstractJUnitTestClassProcessor.processTestClass(AbstractJUnitTestClassProcessor.java:62)
	at org.gradle.api.internal.tasks.testing.SuiteTestClassProcessor.processTestClass(SuiteTestClassProcessor.java:51)
	at java.base/jdk.internal.reflect.NativeMethodAccessorImpl.invoke0(Native Method)
	at java.base/jdk.internal.reflect.NativeMethodAccessorImpl.invoke(NativeMethodAccessorImpl.java:64)
	at java.base/jdk.internal.reflect.DelegatingMethodAccessorImpl.invoke(DelegatingMethodAccessorImpl.java:43)
	at java.base/java.lang.reflect.Method.invoke(Method.java:564)
	at org.gradle.internal.dispatch.ReflectionDispatch.dispatch(ReflectionDispatch.java:36)
	at org.gradle.internal.dispatch.ReflectionDispatch.dispatch(ReflectionDispatch.java:24)
	at org.gradle.internal.dispatch.ContextClassLoaderDispatch.dispatch(ContextClassLoaderDispatch.java:33)
	at org.gradle.internal.dispatch.ProxyDispatchAdapter$DispatchingInvocationHandler.invoke(ProxyDispatchAdapter.java:94)
	at com.sun.proxy.$Proxy2.processTestClass(Unknown Source)
	at org.gradle.api.internal.tasks.testing.worker.TestWorker.processTestClass(TestWorker.java:119)
	at java.base/jdk.internal.reflect.NativeMethodAccessorImpl.invoke0(Native Method)
	at java.base/jdk.internal.reflect.NativeMethodAccessorImpl.invoke(NativeMethodAccessorImpl.java:64)
	at java.base/jdk.internal.reflect.DelegatingMethodAccessorImpl.invoke(DelegatingMethodAccessorImpl.java:43)
	at java.base/java.lang.reflect.Method.invoke(Method.java:564)
	at org.gradle.internal.dispatch.ReflectionDispatch.dispatch(ReflectionDispatch.java:36)
	at org.gradle.internal.dispatch.ReflectionDispatch.dispatch(ReflectionDispatch.java:24)
	at org.gradle.internal.remote.internal.hub.MessageHubBackedObjectConnection$DispatchWrapper.dispatch(MessageHubBackedObjectConnection.java:182)
	at org.gradle.internal.remote.internal.hub.MessageHubBackedObjectConnection$DispatchWrapper.dispatch(MessageHubBackedObjectConnection.java:164)
	at org.gradle.internal.remote.internal.hub.MessageHub$Handler.run(MessageHub.java:414)
	at org.gradle.internal.concurrent.ExecutorPolicy$CatchAndRecordFailures.onExecute(ExecutorPolicy.java:64)
	at org.gradle.internal.concurrent.ManagedExecutorImpl$1.run(ManagedExecutorImpl.java:48)
	at java.base/java.util.concurrent.ThreadPoolExecutor.runWorker(ThreadPoolExecutor.java:1130)
	at java.base/java.util.concurrent.ThreadPoolExecutor$Worker.run(ThreadPoolExecutor.java:630)
	at org.gradle.internal.concurrent.ThreadFactoryImpl$ManagedThreadRunnable.run(ThreadFactoryImpl.java:56)
	at java.base/java.lang.Thread.run(Thread.java:832)
</failure>
  </testcase>
  <system-out><![CDATA[[{
  "className": "test1",
  "attributes": [
    {
      "name": "name",
      "type": "String"
    },
    {
      "name": "type",
      "type": "String"
    }
  ],
  "operations": []
}, {
  "className": "test2",
  "attributes": [
    {
      "name": "name",
      "type": "String"
    },
    {
      "name": "type",
      "type": "String"
    }
  ],
  "operations": []
}]
]]></system-out>
  <system-err><![CDATA[]]></system-err>
</testsuite>
