<?xml version="1.0" encoding="UTF-8"?>
<testsuite name="controller.UmlDiagramTest" tests="1" skipped="0" failures="0" errors="0" timestamp="2021-03-26T21:38:20" hostname="OPTIMUS-PC" time="0.977">
  <properties/>
  <testcase name="testSaveDiagramClass" classname="controller.UmlDiagramTest" time="0.977"/>
  <system-out><![CDATA[[{
  "className": "test1",
  "attributes": [
    {
      "name": "name",
      "type": "String"
    },
    {
      "name": "type",
      "type": "String"
    }
  ],
  "operations": []
}, {
  "className": "test2",
  "attributes": [
    {
      "name": "name",
      "type": "String"
    },
    {
      "name": "type",
      "type": "String"
    }
  ],
  "operations": []
}]
]]></system-out>
  <system-err><![CDATA[]]></system-err>
</testsuite>
